<?xml version="1.0" encoding="UTF-8"?>
<!-- Generated by org.testng.reporters.JUnitReportReporter -->
<testsuite name="com.qa.testcases.TestInventoryTemplateforNetwork" tests="8" time="0.001" ignored="72" failures="0" timestamp="18 Aug 2020 11:07:28 GMT" skipped="8" hostname="DESKTOP-AKV4U58" errors="0">
  <testcase name="checkvalidUser" time="0.000" classname="com.qa.testcases.TestInventoryTemplateforNetwork">
    <skipped/>
  </testcase> <!-- checkvalidUser -->
  <testcase name="save" time="0.000" classname="com.qa.testcases.TestInventoryTemplateforNetwork">
    <skipped/>
  </testcase> <!-- save -->
  <testcase name="otherDetails" time="0.000" classname="com.qa.testcases.TestInventoryTemplateforNetwork">
    <skipped/>
  </testcase> <!-- otherDetails -->
  <testcase name="purchaseDetails" time="0.001" classname="com.qa.testcases.TestInventoryTemplateforNetwork">
    <skipped/>
  </testcase> <!-- purchaseDetails -->
  <testcase name="warrantyDetails" time="0.000" classname="com.qa.testcases.TestInventoryTemplateforNetwork">
    <skipped/>
  </testcase> <!-- warrantyDetails -->
  <testcase name="basicDetails" time="0.000" classname="com.qa.testcases.TestInventoryTemplateforNetwork">
    <skipped/>
  </testcase> <!-- basicDetails -->
  <testcase name="qualificationDetails" time="0.000" classname="com.qa.testcases.TestInventoryTemplateforNetwork">
    <skipped/>
  </testcase> <!-- qualificationDetails -->
  <testcase name="templatedetails" time="0.000" classname="com.qa.testcases.TestInventoryTemplateforNetwork">
    <skipped/>
  </testcase> <!-- templatedetails -->
  <testcase name="setUpSuite" classname="com.qa.pages2.BaseClass">
    <skipped/>
  </testcase> <!-- setUpSuite -->
  <testcase name="setUpSuite" classname="com.qa.pages2.BaseClass">
    <skipped/>
  </testcase> <!-- setUpSuite -->
  <testcase name="setUpSuite" classname="com.qa.pages2.BaseClass">
    <skipped/>
  </testcase> <!-- setUpSuite -->
  <testcase name="setUpSuite" classname="com.qa.pages2.BaseClass">
    <skipped/>
  </testcase> <!-- setUpSuite -->
  <testcase name="setUpSuite" classname="com.qa.pages2.BaseClass">
    <skipped/>
  </testcase> <!-- setUpSuite -->
  <testcase name="setUpSuite" classname="com.qa.pages.BaseClass">
    <skipped/>
  </testcase> <!-- setUpSuite -->
  <testcase name="setUpSuite" classname="com.qa.pages.BaseClass">
    <skipped/>
  </testcase> <!-- setUpSuite -->
  <testcase name="setUpSuite" classname="com.qa.pages.BaseClass">
    <skipped/>
  </testcase> <!-- setUpSuite -->
  <testcase name="setUpSuite" classname="com.qa.pages.BaseClass">
    <skipped/>
  </testcase> <!-- setUpSuite -->
  <testcase name="setUpSuite" classname="com.qa.pages.BaseClass">
    <skipped/>
  </testcase> <!-- setUpSuite -->
  <testcase name="setUpSuite" classname="com.qa.pages.BaseClass">
    <skipped/>
  </testcase> <!-- setUpSuite -->
  <testcase name="setUpSuite" classname="com.qa.pages.BaseClass">
    <skipped/>
  </testcase> <!-- setUpSuite -->
  <testcase name="setUpSuite" classname="com.qa.pages.BaseClass">
    <skipped/>
  </testcase> <!-- setUpSuite -->
  <testcase name="setUpSuite" classname="com.qa.pages.BaseClass">
    <skipped/>
  </testcase> <!-- setUpSuite -->
  <testcase name="setUpSuite" classname="com.qa.pages.BaseClass">
    <skipped/>
  </testcase> <!-- setUpSuite -->
  <testcase name="setUpSuite" classname="com.qa.pages.BaseClass">
    <skipped/>
  </testcase> <!-- setUpSuite -->
  <testcase name="setUpSuite" classname="com.qa.pages.BaseClass">
    <skipped/>
  </testcase> <!-- setUpSuite -->
  <testcase name="setUpSuite" classname="com.qa.pages.BaseClass">
    <skipped/>
  </testcase> <!-- setUpSuite -->
  <testcase name="setUpSuite" classname="com.qa.pages.BaseClass">
    <skipped/>
  </testcase> <!-- setUpSuite -->
  <testcase name="setUpSuite" classname="com.qa.pages.BaseClass">
    <skipped/>
  </testcase> <!-- setUpSuite -->
  <testcase name="setUpSuite" classname="com.qa.pages.BaseClass">
    <skipped/>
  </testcase> <!-- setUpSuite -->
  <testcase name="setUpSuite" classname="com.qa.pages.BaseClass">
    <skipped/>
  </testcase> <!-- setUpSuite -->
  <testcase name="setUpSuite" classname="com.qa.pages.BaseClass">
    <skipped/>
  </testcase> <!-- setUpSuite -->
  <testcase name="setUpSuite" classname="com.qa.pages.BaseClass">
    <skipped/>
  </testcase> <!-- setUpSuite -->
  <testcase name="setUpSuite" classname="com.qa.pages.BaseClass">
    <skipped/>
  </testcase> <!-- setUpSuite -->
  <testcase name="setUpSuite" classname="com.qa.pages.BaseClass">
    <skipped/>
  </testcase> <!-- setUpSuite -->
  <testcase name="setUpSuite" classname="com.qa.pages.BaseClass">
    <skipped/>
  </testcase> <!-- setUpSuite -->
  <testcase name="setUpSuite" classname="com.qa.pages.BaseClass">
    <skipped/>
  </testcase> <!-- setUpSuite -->
  <testcase name="setUpSuite" classname="com.qa.pages.BaseClass">
    <skipped/>
  </testcase> <!-- setUpSuite -->
  <testcase name="setUpSuite" classname="com.qa.pages.BaseClass">
    <skipped/>
  </testcase> <!-- setUpSuite -->
  <testcase name="setUpSuite" classname="com.qa.pages.BaseClass">
    <skipped/>
  </testcase> <!-- setUpSuite -->
  <testcase name="setUpSuite" classname="com.qa.pages.BaseClass">
    <skipped/>
  </testcase> <!-- setUpSuite -->
  <testcase name="setUpSuite" classname="com.qa.pages.BaseClass">
    <skipped/>
  </testcase> <!-- setUpSuite -->
  <testcase name="setUpSuite" classname="com.qa.pages.BaseClass">
    <skipped/>
  </testcase> <!-- setUpSuite -->
  <testcase name="setUpSuite" classname="com.qa.pages.BaseClass">
    <skipped/>
  </testcase> <!-- setUpSuite -->
  <testcase name="setUpSuite" classname="com.qa.pages.BaseClass">
    <skipped/>
  </testcase> <!-- setUpSuite -->
  <testcase name="setUpSuite" classname="com.qa.pages.BaseClass">
    <skipped/>
  </testcase> <!-- setUpSuite -->
  <testcase name="setUpSuite" classname="com.qa.pages.BaseClass">
    <skipped/>
  </testcase> <!-- setUpSuite -->
  <testcase name="setUpSuite" classname="com.qa.pages.BaseClass">
    <skipped/>
  </testcase> <!-- setUpSuite -->
  <testcase name="setUpSuite" classname="com.qa.pages.BaseClass">
    <skipped/>
  </testcase> <!-- setUpSuite -->
  <testcase name="setUpSuite" classname="com.qa.pages.BaseClass">
    <skipped/>
  </testcase> <!-- setUpSuite -->
  <testcase name="setUpSuite" classname="com.qa.pages.BaseClass">
    <skipped/>
  </testcase> <!-- setUpSuite -->
  <testcase name="setUpSuite" classname="com.qa.pages.BaseClass">
    <skipped/>
  </testcase> <!-- setUpSuite -->
  <testcase name="setUpSuite" classname="com.qa.pages.BaseClass">
    <skipped/>
  </testcase> <!-- setUpSuite -->
  <testcase name="setUpSuite" classname="com.qa.pages.BaseClass">
    <skipped/>
  </testcase> <!-- setUpSuite -->
  <testcase name="setUpSuite" classname="com.qa.pages.BaseClass">
    <skipped/>
  </testcase> <!-- setUpSuite -->
  <testcase name="setUpSuite" classname="com.qa.pages.BaseClass">
    <skipped/>
  </testcase> <!-- setUpSuite -->
  <testcase name="setUpSuite" classname="com.qa.pages.BaseClass">
    <skipped/>
  </testcase> <!-- setUpSuite -->
  <testcase name="setUpSuite" classname="com.qa.pages.BaseClass">
    <skipped/>
  </testcase> <!-- setUpSuite -->
  <testcase name="setUpSuite" classname="com.qa.pages.BaseClass">
    <skipped/>
  </testcase> <!-- setUpSuite -->
  <testcase name="setUpSuite" classname="com.qa.pages.BaseClass">
    <skipped/>
  </testcase> <!-- setUpSuite -->
  <testcase name="setUpSuite" classname="com.qa.pages.BaseClass">
    <skipped/>
  </testcase> <!-- setUpSuite -->
  <testcase name="setUpSuite" classname="com.qa.pages.BaseClass">
    <skipped/>
  </testcase> <!-- setUpSuite -->
  <testcase name="setUpSuite" classname="com.qa.pages.BaseClass">
    <skipped/>
  </testcase> <!-- setUpSuite -->
  <testcase name="setUpSuite" classname="com.qa.pages.BaseClass">
    <skipped/>
  </testcase> <!-- setUpSuite -->
  <testcase name="setUpSuite" classname="com.qa.pages.BaseClass">
    <skipped/>
  </testcase> <!-- setUpSuite -->
  <testcase name="setUpSuite" classname="com.qa.pages.BaseClass">
    <skipped/>
  </testcase> <!-- setUpSuite -->
  <testcase name="setUpSuite" classname="com.qa.pages.BaseClass">
    <skipped/>
  </testcase> <!-- setUpSuite -->
  <testcase name="setUpSuite" classname="com.qa.pages.BaseClass">
    <skipped/>
  </testcase> <!-- setUpSuite -->
  <testcase name="setUpSuite" classname="com.qa.pages.BaseClass">
    <skipped/>
  </testcase> <!-- setUpSuite -->
  <testcase name="setUpSuite" classname="com.qa.pages.BaseClass">
    <skipped/>
  </testcase> <!-- setUpSuite -->
  <testcase name="setUpSuite" classname="com.qa.pages.BaseClass">
    <skipped/>
  </testcase> <!-- setUpSuite -->
  <testcase name="setUpSuite" classname="com.qa.pages.BaseClass">
    <skipped/>
  </testcase> <!-- setUpSuite -->
  <testcase name="setUpSuite" classname="com.qa.pages.BaseClass">
    <skipped/>
  </testcase> <!-- setUpSuite -->
  <testcase name="setUpSuite" classname="com.qa.pages.BaseClass">
    <skipped/>
  </testcase> <!-- setUpSuite -->
  <testcase name="setUpSuite" classname="com.qa.pages.BaseClass">
    <skipped/>
  </testcase> <!-- setUpSuite -->
  <testcase name="setUpSuite" classname="com.qa.pages.BaseClass">
    <skipped/>
  </testcase> <!-- setUpSuite -->
  <testcase name="setUpSuite" classname="com.qa.pages.BaseClass">
    <skipped/>
  </testcase> <!-- setUpSuite -->
  <testcase name="setUpSuite" classname="com.qa.pages.BaseClass">
    <skipped/>
  </testcase> <!-- setUpSuite -->
  <testcase name="setUpSuite" classname="com.qa.pages.BaseClass">
    <skipped/>
  </testcase> <!-- setUpSuite -->
  <testcase name="setUpSuite" classname="com.qa.pages.BaseClass">
    <skipped/>
  </testcase> <!-- setUpSuite -->
  <testcase name="setUpSuite" classname="com.qa.pages.BaseClass">
    <skipped/>
  </testcase> <!-- setUpSuite -->
</testsuite> <!-- com.qa.testcases.TestInventoryTemplateforNetwork -->
