<?xml version="1.0" encoding="UTF-8"?>
<!-- Generated by org.testng.reporters.JUnitReportReporter -->
<testsuite name="com.qa.testcases2.TestCreateOnbehalfActivedirectoryforsingleuser" tests="5" time="56.644" ignored="0" failures="0" timestamp="03 Sep 2020 14:31:40 GMT" skipped="0" hostname="DESKTOP-AKV4U58" errors="0">
  <testcase name="EnterRequestinfo" time="11.756" classname="com.qa.testcases2.TestCreateOnbehalfActivedirectoryforsingleuser"/>
  <testcase name="EnterUserdetails" time="7.791" classname="com.qa.testcases2.TestCreateOnbehalfActivedirectoryforsingleuser"/>
  <testcase name="EnterActivedirectorydetails" time="20.762" classname="com.qa.testcases2.TestCreateOnbehalfActivedirectoryforsingleuser"/>
  <testcase name="EnterRemarksandesign" time="4.982" classname="com.qa.testcases2.TestCreateOnbehalfActivedirectoryforsingleuser"/>
  <testcase name="checkvalidUser" time="11.353" classname="com.qa.testcases2.TestCreateOnbehalfActivedirectoryforsingleuser"/>
</testsuite> <!-- com.qa.testcases2.TestCreateOnbehalfActivedirectoryforsingleuser -->
