<?xml version="1.0" encoding="UTF-8"?>
<!-- Generated by org.testng.reporters.JUnitReportReporter -->
<testsuite name="com.medhas.sanity.TestReactivateSelfApplicationaccessforsingleuser" tests="4" time="43.504" ignored="0" failures="0" timestamp="09 Sep 2020 15:50:54 GMT" skipped="0" hostname="DESKTOP-AKV4U58" errors="0">
  <testcase name="EnterRequestinfo" time="13.405" classname="com.medhas.sanity.TestReactivateSelfApplicationaccessforsingleuser"/>
  <testcase name="checkvalidUser" time="8.517" classname="com.medhas.sanity.TestReactivateSelfApplicationaccessforsingleuser"/>
  <testcase name="EnterApplicationdetails" time="10.425" classname="com.medhas.sanity.TestReactivateSelfApplicationaccessforsingleuser"/>
  <testcase name="EnterUserdetails" time="11.157" classname="com.medhas.sanity.TestReactivateSelfApplicationaccessforsingleuser"/>
</testsuite> <!-- com.medhas.sanity.TestReactivateSelfApplicationaccessforsingleuser -->
