<?xml version="1.0" encoding="UTF-8"?>
<!-- Generated by org.testng.reporters.JUnitReportReporter -->
<testsuite name="com.qa.sanityCheck.TestSelfModifyRequestforOperatingsystem" tests="5" time="41.365" ignored="0" failures="0" timestamp="03 Sep 2020 06:12:23 GMT" skipped="0" hostname="DESKTOP-AKV4U58" errors="0">
  <testcase name="enterrequestInfo" time="9.445" classname="com.qa.sanityCheck.TestSelfModifyRequestforOperatingsystem"/>
  <testcase name="checkvalidUser" time="11.286" classname="com.qa.sanityCheck.TestSelfModifyRequestforOperatingsystem"/>
  <testcase name="modifyRequestCreated" time="4.597" classname="com.qa.sanityCheck.TestSelfModifyRequestforOperatingsystem"/>
  <testcase name="selectthemodifyrequest" time="10.384" classname="com.qa.sanityCheck.TestSelfModifyRequestforOperatingsystem"/>
  <testcase name="enterUserDetails" time="5.653" classname="com.qa.sanityCheck.TestSelfModifyRequestforOperatingsystem"/>
</testsuite> <!-- com.qa.sanityCheck.TestSelfModifyRequestforOperatingsystem -->
