<?xml version="1.0" encoding="UTF-8"?>
<!-- Generated by org.testng.reporters.JUnitReportReporter -->
<testsuite name="com.qa.testcases.TestCreateMultipleAccessOperatingsystemforonbehalfsingleuser" tests="6" time="99.592" ignored="0" failures="0" timestamp="04 Sep 2020 04:14:51 GMT" skipped="0" hostname="DESKTOP-AKV4U58" errors="1">
  <testcase name="enterOperatingsystemdetails" time="12.594" classname="com.qa.testcases.TestCreateMultipleAccessOperatingsystemforonbehalfsingleuser"/>
  <testcase name="accessRequestCreated" time="21.172" classname="com.qa.testcases.TestCreateMultipleAccessOperatingsystemforonbehalfsingleuser">
    <error type="java.lang.NullPointerException">
      <![CDATA[java.lang.NullPointerException
	at sun.reflect.NativeMethodAccessorImpl.invoke0(Native Method)
	at sun.reflect.NativeMethodAccessorImpl.invoke(NativeMethodAccessorImpl.java:62)
	at sun.reflect.DelegatingMethodAccessorImpl.invoke(DelegatingMethodAccessorImpl.java:43)
	at java.lang.reflect.Method.invoke(Method.java:498)
	at org.openqa.selenium.support.pagefactory.internal.LocatingElementHandler.invoke(LocatingElementHandler.java:51)
	at com.sun.proxy.$Proxy11.isDisplayed(Unknown Source)
	at com.qa.pages.CreateMultipleAccessFileserverforonbehalfsingleuser.Toastmsg(CreateMultipleAccessFileserverforonbehalfsingleuser.java:289)
	at com.qa.testcases.TestCreateMultipleAccessOperatingsystemforonbehalfsingleuser.accessRequestCreated(TestCreateMultipleAccessOperatingsystemforonbehalfsingleuser.java:79)
	at sun.reflect.NativeMethodAccessorImpl.invoke0(Native Method)
	at sun.reflect.NativeMethodAccessorImpl.invoke(NativeMethodAccessorImpl.java:62)
	at sun.reflect.DelegatingMethodAccessorImpl.invoke(DelegatingMethodAccessorImpl.java:43)
	at java.lang.reflect.Method.invoke(Method.java:498)
	at org.testng.internal.MethodInvocationHelper.invokeMethod(MethodInvocationHelper.java:104)
	at org.testng.internal.Invoker.invokeMethod(Invoker.java:645)
	at org.testng.internal.Invoker.invokeTestMethod(Invoker.java:851)
	at org.testng.internal.Invoker.invokeTestMethods(Invoker.java:1177)
	at org.testng.internal.TestMethodWorker.invokeTestMethods(TestMethodWorker.java:129)
	at org.testng.internal.TestMethodWorker.run(TestMethodWorker.java:112)
	at org.testng.TestRunner.privateRun(TestRunner.java:756)
	at org.testng.TestRunner.run(TestRunner.java:610)
	at org.testng.SuiteRunner.runTest(SuiteRunner.java:387)
	at org.testng.SuiteRunner.runSequentially(SuiteRunner.java:382)
	at org.testng.SuiteRunner.privateRun(SuiteRunner.java:340)
	at org.testng.SuiteRunner.run(SuiteRunner.java:289)
	at org.testng.SuiteRunnerWorker.runSuite(SuiteRunnerWorker.java:52)
	at org.testng.SuiteRunnerWorker.run(SuiteRunnerWorker.java:86)
	at org.testng.TestNG.runSuitesSequentially(TestNG.java:1293)
	at org.testng.TestNG.runSuitesLocally(TestNG.java:1218)
	at org.testng.TestNG.runSuites(TestNG.java:1133)
	at org.testng.TestNG.run(TestNG.java:1104)
	at org.testng.remote.AbstractRemoteTestNG.run(AbstractRemoteTestNG.java:132)
	at org.testng.remote.RemoteTestNG.initAndRun(RemoteTestNG.java:236)
	at org.testng.remote.RemoteTestNG.main(RemoteTestNG.java:81)
]]>
    </error>
  </testcase> <!-- accessRequestCreated -->
  <testcase name="enternewOperatingsystemdetails" time="23.615" classname="com.qa.testcases.TestCreateMultipleAccessOperatingsystemforonbehalfsingleuser"/>
  <testcase name="enteruserDetails" time="10.908" classname="com.qa.testcases.TestCreateMultipleAccessOperatingsystemforonbehalfsingleuser"/>
  <testcase name="checkvalidUser" time="12.200" classname="com.qa.testcases.TestCreateMultipleAccessOperatingsystemforonbehalfsingleuser"/>
  <testcase name="enterrequestInfo" time="19.103" classname="com.qa.testcases.TestCreateMultipleAccessOperatingsystemforonbehalfsingleuser"/>
</testsuite> <!-- com.qa.testcases.TestCreateMultipleAccessOperatingsystemforonbehalfsingleuser -->
