<?xml version="1.0" encoding="UTF-8"?>
<!-- Generated by org.testng.reporters.JUnitReportReporter -->
<testsuite name="com.qa.testcases.TestSystemAdminDashboard" tests="4" time="46.782" ignored="0" failures="0" timestamp="04 Sep 2020 06:20:33 GMT" skipped="0" hostname="DESKTOP-AKV4U58" errors="0">
  <testcase name="enterDetails" time="13.099" classname="com.qa.testcases.TestSystemAdminDashboard"/>
  <testcase name="bulkdeactivationRequestCreated" time="5.089" classname="com.qa.testcases.TestSystemAdminDashboard"/>
  <testcase name="checkvalidSAandLIT" time="12.424" classname="com.qa.testcases.TestSystemAdminDashboard"/>
  <testcase name="selectRequest" time="16.170" classname="com.qa.testcases.TestSystemAdminDashboard"/>
</testsuite> <!-- com.qa.testcases.TestSystemAdminDashboard -->
