<?xml version="1.0" encoding="UTF-8"?>
<!-- Generated by org.testng.reporters.JUnitReportReporter -->
<testsuite name="com.qa.testcases2.TestApplicationaccessrequestforsingleuser" tests="2" time="99.420" ignored="0" failures="0" timestamp="25 Aug 2020 07:28:19 GMT" skipped="0" hostname="DESKTOP-AKV4U58" errors="0">
  <testcase name="createApplicationrequestforsingleleuser" time="87.030" classname="com.qa.testcases2.TestApplicationaccessrequestforsingleuser"/>
  <testcase name="checkvalidUser" time="12.390" classname="com.qa.testcases2.TestApplicationaccessrequestforsingleuser"/>
</testsuite> <!-- com.qa.testcases2.TestApplicationaccessrequestforsingleuser -->
