<?xml version="1.0" encoding="UTF-8"?>
<!-- Generated by org.testng.reporters.JUnitReportReporter -->
<testsuite name="com.medhas.sanity.TestApplicationRequestPendingApprovals" tests="9" time="121.378" ignored="0" failures="0" timestamp="09 Sep 2020 14:08:43 GMT" skipped="0" hostname="DESKTOP-AKV4U58" errors="0">
  <testcase name="checkvalidsystemowner" time="7.977" classname="com.medhas.sanity.TestApplicationRequestPendingApprovals"/>
  <testcase name="accessRequestGranted" time="0.541" classname="com.medhas.sanity.TestApplicationRequestPendingApprovals"/>
  <testcase name="approvalworkflowforaccessrequestsystemadmin" time="22.974" classname="com.medhas.sanity.TestApplicationRequestPendingApprovals"/>
  <testcase name="loginHod" time="15.229" classname="com.medhas.sanity.TestApplicationRequestPendingApprovals"/>
  <testcase name="approvalworkflowforaccessrequestsystemowner" time="24.589" classname="com.medhas.sanity.TestApplicationRequestPendingApprovals"/>
  <testcase name="checkvalidsystemadmin" time="8.123" classname="com.medhas.sanity.TestApplicationRequestPendingApprovals"/>
  <testcase name="approvalworkflowforaccessrequestwithHod" time="31.760" classname="com.medhas.sanity.TestApplicationRequestPendingApprovals"/>
  <testcase name="logutfromHOD" time="5.274" classname="com.medhas.sanity.TestApplicationRequestPendingApprovals"/>
  <testcase name="logutfromsystemowner" time="4.911" classname="com.medhas.sanity.TestApplicationRequestPendingApprovals"/>
</testsuite> <!-- com.medhas.sanity.TestApplicationRequestPendingApprovals -->
