<?xml version="1.0" encoding="UTF-8"?>
<!-- Generated by org.testng.reporters.JUnitReportReporter -->
<testsuite name="com.medhas.sanity.TestCreateMultipleUsersFileserverAccess" tests="6" time="68.543" ignored="0" failures="0" timestamp="09 Sep 2020 14:24:54 GMT" skipped="0" hostname="DESKTOP-AKV4U58" errors="0">
  <testcase name="checkvalidUser" time="8.780" classname="com.medhas.sanity.TestCreateMultipleUsersFileserverAccess"/>
  <testcase name="entersecondenteruserDetails" time="14.651" classname="com.medhas.sanity.TestCreateMultipleUsersFileserverAccess"/>
  <testcase name="accessRequestCreated" time="4.564" classname="com.medhas.sanity.TestCreateMultipleUsersFileserverAccess"/>
  <testcase name="enterfileserverDetails" time="11.195" classname="com.medhas.sanity.TestCreateMultipleUsersFileserverAccess"/>
  <testcase name="enterrequestInfo" time="14.017" classname="com.medhas.sanity.TestCreateMultipleUsersFileserverAccess"/>
  <testcase name="enteruserDetails" time="15.336" classname="com.medhas.sanity.TestCreateMultipleUsersFileserverAccess"/>
</testsuite> <!-- com.medhas.sanity.TestCreateMultipleUsersFileserverAccess -->
