<?xml version="1.0" encoding="UTF-8"?>
<!-- Generated by org.testng.reporters.JUnitReportReporter -->
<testsuite name="com.qa.sanityCheck.TestSelfCreateAccessRequestforOperatingsystem" tests="5" time="69.752" ignored="0" failures="0" timestamp="26 Aug 2020 14:14:34 GMT" skipped="0" hostname="DESKTOP-AKV4U58" errors="0">
  <testcase name="accessRequestCreated" time="4.719" classname="com.qa.sanityCheck.TestSelfCreateAccessRequestforOperatingsystem"/>
  <testcase name="enteruserDetails" time="6.923" classname="com.qa.sanityCheck.TestSelfCreateAccessRequestforOperatingsystem"/>
  <testcase name="enterOperatingsystemdetails" time="16.006" classname="com.qa.sanityCheck.TestSelfCreateAccessRequestforOperatingsystem"/>
  <testcase name="checkvalidUser" time="14.052" classname="com.qa.sanityCheck.TestSelfCreateAccessRequestforOperatingsystem"/>
  <testcase name="enterrequestInfo" time="28.052" classname="com.qa.sanityCheck.TestSelfCreateAccessRequestforOperatingsystem"/>
</testsuite> <!-- com.qa.sanityCheck.TestSelfCreateAccessRequestforOperatingsystem -->
