<?xml version="1.0" encoding="UTF-8"?>
<!-- Generated by org.testng.reporters.JUnitReportReporter -->
<testsuite name="com.qa.testcases.TestcreateInventoryforApplication" tests="5" time="171.906" ignored="0" failures="0" timestamp="20 Aug 2020 11:40:59 GMT" skipped="0" hostname="DESKTOP-AKV4U58" errors="0">
  <testcase name="recoverDetails" time="13.254" classname="com.qa.testcases.TestcreateInventoryforApplication"/>
  <testcase name="approverDetails" time="70.677" classname="com.qa.testcases.TestcreateInventoryforApplication"/>
  <testcase name="checkvalidUser" time="11.668" classname="com.qa.testcases.TestcreateInventoryforApplication"/>
  <testcase name="inventoryRequestCreated" time="10.971" classname="com.qa.testcases.TestcreateInventoryforApplication"/>
  <testcase name="basicDetails" time="65.336" classname="com.qa.testcases.TestcreateInventoryforApplication"/>
</testsuite> <!-- com.qa.testcases.TestcreateInventoryforApplication -->
