<?xml version="1.0" encoding="UTF-8"?>
<!-- Generated by org.testng.reporters.JUnitReportReporter -->
<testsuite name="com.medhas.sanity.TestnotGrantAccessRequestPendingApprovals" tests="9" time="117.185" ignored="0" failures="0" timestamp="09 Sep 2020 14:52:47 GMT" skipped="0" hostname="DESKTOP-AKV4U58" errors="0">
  <testcase name="checkvalidsystemLITHead" time="11.888" classname="com.medhas.sanity.TestnotGrantAccessRequestPendingApprovals"/>
  <testcase name="loginHod" time="9.314" classname="com.medhas.sanity.TestnotGrantAccessRequestPendingApprovals"/>
  <testcase name="approvalworkflowforaccessrequestLITHead" time="24.770" classname="com.medhas.sanity.TestnotGrantAccessRequestPendingApprovals"/>
  <testcase name="checkvalidLIT" time="8.448" classname="com.medhas.sanity.TestnotGrantAccessRequestPendingApprovals"/>
  <testcase name="notGrantybyLIT" time="25.491" classname="com.medhas.sanity.TestnotGrantAccessRequestPendingApprovals"/>
  <testcase name="accessRequestNotGranted" time="0.514" classname="com.medhas.sanity.TestnotGrantAccessRequestPendingApprovals"/>
  <testcase name="approvalworkflowforaccessrequestwithHod" time="26.021" classname="com.medhas.sanity.TestnotGrantAccessRequestPendingApprovals"/>
  <testcase name="logutfromHOD" time="5.760" classname="com.medhas.sanity.TestnotGrantAccessRequestPendingApprovals"/>
  <testcase name="logutfromLITHead" time="4.979" classname="com.medhas.sanity.TestnotGrantAccessRequestPendingApprovals"/>
</testsuite> <!-- com.medhas.sanity.TestnotGrantAccessRequestPendingApprovals -->
