<?xml version="1.0" encoding="UTF-8"?>
<!-- Generated by org.testng.reporters.JUnitReportReporter -->
<testsuite name="com.medhas.sanity.TestSelfDeactivaterequestforFileserver" tests="4" time="26.657" ignored="0" failures="0" timestamp="09 Sep 2020 16:09:24 GMT" skipped="0" hostname="DESKTOP-AKV4U58" errors="0">
  <testcase name="selectdeactivaterequest" time="4.131" classname="com.medhas.sanity.TestSelfDeactivaterequestforFileserver"/>
  <testcase name="checkvalidUser" time="8.604" classname="com.medhas.sanity.TestSelfDeactivaterequestforFileserver"/>
  <testcase name="enterUserDetails" time="6.536" classname="com.medhas.sanity.TestSelfDeactivaterequestforFileserver"/>
  <testcase name="enterrequestInfo" time="7.386" classname="com.medhas.sanity.TestSelfDeactivaterequestforFileserver"/>
</testsuite> <!-- com.medhas.sanity.TestSelfDeactivaterequestforFileserver -->
