<?xml version="1.0" encoding="UTF-8"?>
<!-- Generated by org.testng.reporters.JUnitReportReporter -->
<testsuite name="com.qa.testcases.TestUserAccessReview" tests="2" time="33.789" ignored="0" failures="0" timestamp="20 Aug 2020 14:47:20 GMT" skipped="0" hostname="DESKTOP-AKV4U58" errors="0">
  <testcase name="loginwithSystemAdmin" time="12.075" classname="com.qa.testcases.TestUserAccessReview"/>
  <testcase name="useraccessreview" time="21.714" classname="com.qa.testcases.TestUserAccessReview"/>
</testsuite> <!-- com.qa.testcases.TestUserAccessReview -->
