<?xml version="1.0" encoding="UTF-8"?>
<!-- Generated by org.testng.reporters.JUnitReportReporter -->
<testsuite name="com.qa.testcases2.TestActivedirectoryforsingleuser" tests="2" time="0.001" ignored="72" failures="0" timestamp="18 Aug 2020 11:07:27 GMT" skipped="2" hostname="DESKTOP-AKV4U58" errors="0">
  <testcase name="createActivedirectoryforSingleuser" time="0.001" classname="com.qa.testcases2.TestActivedirectoryforsingleuser">
    <skipped/>
  </testcase> <!-- createActivedirectoryforSingleuser -->
  <testcase name="checkvalidUser" time="0.000" classname="com.qa.testcases2.TestActivedirectoryforsingleuser">
    <skipped/>
  </testcase> <!-- checkvalidUser -->
  <testcase name="setUpSuite" classname="com.qa.pages2.BaseClass">
    <skipped/>
  </testcase> <!-- setUpSuite -->
  <testcase name="setUpSuite" classname="com.qa.pages2.BaseClass">
    <skipped/>
  </testcase> <!-- setUpSuite -->
  <testcase name="setUpSuite" classname="com.qa.pages2.BaseClass">
    <skipped/>
  </testcase> <!-- setUpSuite -->
  <testcase name="setUpSuite" classname="com.qa.pages2.BaseClass">
    <skipped/>
  </testcase> <!-- setUpSuite -->
  <testcase name="setUpSuite" classname="com.qa.pages2.BaseClass">
    <skipped/>
  </testcase> <!-- setUpSuite -->
  <testcase name="setUpSuite" classname="com.qa.pages.BaseClass">
    <skipped/>
  </testcase> <!-- setUpSuite -->
  <testcase name="setUpSuite" classname="com.qa.pages.BaseClass">
    <skipped/>
  </testcase> <!-- setUpSuite -->
  <testcase name="setUpSuite" classname="com.qa.pages.BaseClass">
    <skipped/>
  </testcase> <!-- setUpSuite -->
  <testcase name="setUpSuite" classname="com.qa.pages.BaseClass">
    <skipped/>
  </testcase> <!-- setUpSuite -->
  <testcase name="setUpSuite" classname="com.qa.pages.BaseClass">
    <skipped/>
  </testcase> <!-- setUpSuite -->
  <testcase name="setUpSuite" classname="com.qa.pages.BaseClass">
    <skipped/>
  </testcase> <!-- setUpSuite -->
  <testcase name="setUpSuite" classname="com.qa.pages.BaseClass">
    <skipped/>
  </testcase> <!-- setUpSuite -->
  <testcase name="setUpSuite" classname="com.qa.pages.BaseClass">
    <skipped/>
  </testcase> <!-- setUpSuite -->
  <testcase name="setUpSuite" classname="com.qa.pages.BaseClass">
    <skipped/>
  </testcase> <!-- setUpSuite -->
  <testcase name="setUpSuite" classname="com.qa.pages.BaseClass">
    <skipped/>
  </testcase> <!-- setUpSuite -->
  <testcase name="setUpSuite" classname="com.qa.pages.BaseClass">
    <skipped/>
  </testcase> <!-- setUpSuite -->
  <testcase name="setUpSuite" classname="com.qa.pages.BaseClass">
    <skipped/>
  </testcase> <!-- setUpSuite -->
  <testcase name="setUpSuite" classname="com.qa.pages.BaseClass">
    <skipped/>
  </testcase> <!-- setUpSuite -->
  <testcase name="setUpSuite" classname="com.qa.pages.BaseClass">
    <skipped/>
  </testcase> <!-- setUpSuite -->
  <testcase name="setUpSuite" classname="com.qa.pages.BaseClass">
    <skipped/>
  </testcase> <!-- setUpSuite -->
  <testcase name="setUpSuite" classname="com.qa.pages.BaseClass">
    <skipped/>
  </testcase> <!-- setUpSuite -->
  <testcase name="setUpSuite" classname="com.qa.pages.BaseClass">
    <skipped/>
  </testcase> <!-- setUpSuite -->
  <testcase name="setUpSuite" classname="com.qa.pages.BaseClass">
    <skipped/>
  </testcase> <!-- setUpSuite -->
  <testcase name="setUpSuite" classname="com.qa.pages.BaseClass">
    <skipped/>
  </testcase> <!-- setUpSuite -->
  <testcase name="setUpSuite" classname="com.qa.pages.BaseClass">
    <skipped/>
  </testcase> <!-- setUpSuite -->
  <testcase name="setUpSuite" classname="com.qa.pages.BaseClass">
    <skipped/>
  </testcase> <!-- setUpSuite -->
  <testcase name="setUpSuite" classname="com.qa.pages.BaseClass">
    <skipped/>
  </testcase> <!-- setUpSuite -->
  <testcase name="setUpSuite" classname="com.qa.pages.BaseClass">
    <skipped/>
  </testcase> <!-- setUpSuite -->
  <testcase name="setUpSuite" classname="com.qa.pages.BaseClass">
    <skipped/>
  </testcase> <!-- setUpSuite -->
  <testcase name="setUpSuite" classname="com.qa.pages.BaseClass">
    <skipped/>
  </testcase> <!-- setUpSuite -->
  <testcase name="setUpSuite" classname="com.qa.pages.BaseClass">
    <skipped/>
  </testcase> <!-- setUpSuite -->
  <testcase name="setUpSuite" classname="com.qa.pages.BaseClass">
    <skipped/>
  </testcase> <!-- setUpSuite -->
  <testcase name="setUpSuite" classname="com.qa.pages.BaseClass">
    <skipped/>
  </testcase> <!-- setUpSuite -->
  <testcase name="setUpSuite" classname="com.qa.pages.BaseClass">
    <skipped/>
  </testcase> <!-- setUpSuite -->
  <testcase name="setUpSuite" classname="com.qa.pages.BaseClass">
    <skipped/>
  </testcase> <!-- setUpSuite -->
  <testcase name="setUpSuite" classname="com.qa.pages.BaseClass">
    <skipped/>
  </testcase> <!-- setUpSuite -->
  <testcase name="setUpSuite" classname="com.qa.pages.BaseClass">
    <skipped/>
  </testcase> <!-- setUpSuite -->
  <testcase name="setUpSuite" classname="com.qa.pages.BaseClass">
    <skipped/>
  </testcase> <!-- setUpSuite -->
  <testcase name="setUpSuite" classname="com.qa.pages.BaseClass">
    <skipped/>
  </testcase> <!-- setUpSuite -->
  <testcase name="setUpSuite" classname="com.qa.pages.BaseClass">
    <skipped/>
  </testcase> <!-- setUpSuite -->
  <testcase name="setUpSuite" classname="com.qa.pages.BaseClass">
    <skipped/>
  </testcase> <!-- setUpSuite -->
  <testcase name="setUpSuite" classname="com.qa.pages.BaseClass">
    <skipped/>
  </testcase> <!-- setUpSuite -->
  <testcase name="setUpSuite" classname="com.qa.pages.BaseClass">
    <skipped/>
  </testcase> <!-- setUpSuite -->
  <testcase name="setUpSuite" classname="com.qa.pages.BaseClass">
    <skipped/>
  </testcase> <!-- setUpSuite -->
  <testcase name="setUpSuite" classname="com.qa.pages.BaseClass">
    <skipped/>
  </testcase> <!-- setUpSuite -->
  <testcase name="setUpSuite" classname="com.qa.pages.BaseClass">
    <skipped/>
  </testcase> <!-- setUpSuite -->
  <testcase name="setUpSuite" classname="com.qa.pages.BaseClass">
    <skipped/>
  </testcase> <!-- setUpSuite -->
  <testcase name="setUpSuite" classname="com.qa.pages.BaseClass">
    <skipped/>
  </testcase> <!-- setUpSuite -->
  <testcase name="setUpSuite" classname="com.qa.pages.BaseClass">
    <skipped/>
  </testcase> <!-- setUpSuite -->
  <testcase name="setUpSuite" classname="com.qa.pages.BaseClass">
    <skipped/>
  </testcase> <!-- setUpSuite -->
  <testcase name="setUpSuite" classname="com.qa.pages.BaseClass">
    <skipped/>
  </testcase> <!-- setUpSuite -->
  <testcase name="setUpSuite" classname="com.qa.pages.BaseClass">
    <skipped/>
  </testcase> <!-- setUpSuite -->
  <testcase name="setUpSuite" classname="com.qa.pages.BaseClass">
    <skipped/>
  </testcase> <!-- setUpSuite -->
  <testcase name="setUpSuite" classname="com.qa.pages.BaseClass">
    <skipped/>
  </testcase> <!-- setUpSuite -->
  <testcase name="setUpSuite" classname="com.qa.pages.BaseClass">
    <skipped/>
  </testcase> <!-- setUpSuite -->
  <testcase name="setUpSuite" classname="com.qa.pages.BaseClass">
    <skipped/>
  </testcase> <!-- setUpSuite -->
  <testcase name="setUpSuite" classname="com.qa.pages.BaseClass">
    <skipped/>
  </testcase> <!-- setUpSuite -->
  <testcase name="setUpSuite" classname="com.qa.pages.BaseClass">
    <skipped/>
  </testcase> <!-- setUpSuite -->
  <testcase name="setUpSuite" classname="com.qa.pages.BaseClass">
    <skipped/>
  </testcase> <!-- setUpSuite -->
  <testcase name="setUpSuite" classname="com.qa.pages.BaseClass">
    <skipped/>
  </testcase> <!-- setUpSuite -->
  <testcase name="setUpSuite" classname="com.qa.pages.BaseClass">
    <skipped/>
  </testcase> <!-- setUpSuite -->
  <testcase name="setUpSuite" classname="com.qa.pages.BaseClass">
    <skipped/>
  </testcase> <!-- setUpSuite -->
  <testcase name="setUpSuite" classname="com.qa.pages.BaseClass">
    <skipped/>
  </testcase> <!-- setUpSuite -->
  <testcase name="setUpSuite" classname="com.qa.pages.BaseClass">
    <skipped/>
  </testcase> <!-- setUpSuite -->
  <testcase name="setUpSuite" classname="com.qa.pages.BaseClass">
    <skipped/>
  </testcase> <!-- setUpSuite -->
  <testcase name="setUpSuite" classname="com.qa.pages.BaseClass">
    <skipped/>
  </testcase> <!-- setUpSuite -->
  <testcase name="setUpSuite" classname="com.qa.pages.BaseClass">
    <skipped/>
  </testcase> <!-- setUpSuite -->
  <testcase name="setUpSuite" classname="com.qa.pages.BaseClass">
    <skipped/>
  </testcase> <!-- setUpSuite -->
  <testcase name="setUpSuite" classname="com.qa.pages.BaseClass">
    <skipped/>
  </testcase> <!-- setUpSuite -->
  <testcase name="setUpSuite" classname="com.qa.pages.BaseClass">
    <skipped/>
  </testcase> <!-- setUpSuite -->
  <testcase name="setUpSuite" classname="com.qa.pages.BaseClass">
    <skipped/>
  </testcase> <!-- setUpSuite -->
  <testcase name="setUpSuite" classname="com.qa.pages.BaseClass">
    <skipped/>
  </testcase> <!-- setUpSuite -->
</testsuite> <!-- com.qa.testcases2.TestActivedirectoryforsingleuser -->
