<?xml version="1.0" encoding="UTF-8"?>
<!-- Generated by org.testng.reporters.JUnitReportReporter -->
<testsuite name="com.qa.testcases2.TestInventoryTemplateApplicationcreation" tests="2" time="54.538" ignored="0" failures="0" timestamp="20 Aug 2020 07:59:19 GMT" skipped="0" hostname="DESKTOP-AKV4U58" errors="0">
  <testcase name="checkvalidUser" time="11.742" classname="com.qa.testcases2.TestInventoryTemplateApplicationcreation"/>
  <testcase name="Inventorytemplateforapplication" time="42.796" classname="com.qa.testcases2.TestInventoryTemplateApplicationcreation"/>
</testsuite> <!-- com.qa.testcases2.TestInventoryTemplateApplicationcreation -->
