<?xml version="1.0" encoding="UTF-8"?>
<!-- Generated by org.testng.reporters.JUnitReportReporter -->
<testsuite name="com.medhas.sanity.TestMultipleSelfAccessRequestforFileserver" tests="6" time="89.803" ignored="0" failures="0" timestamp="09 Sep 2020 14:29:11 GMT" skipped="0" hostname="DESKTOP-AKV4U58" errors="0">
  <testcase name="enterrequestInfo" time="21.664" classname="com.medhas.sanity.TestMultipleSelfAccessRequestforFileserver"/>
  <testcase name="enternewFileserverdetails" time="29.625" classname="com.medhas.sanity.TestMultipleSelfAccessRequestforFileserver"/>
  <testcase name="checkvalidUser" time="8.801" classname="com.medhas.sanity.TestMultipleSelfAccessRequestforFileserver"/>
  <testcase name="accessRequestCreated" time="4.540" classname="com.medhas.sanity.TestMultipleSelfAccessRequestforFileserver"/>
  <testcase name="enteruserDetails" time="6.836" classname="com.medhas.sanity.TestMultipleSelfAccessRequestforFileserver"/>
  <testcase name="enterFileserverdetails" time="18.337" classname="com.medhas.sanity.TestMultipleSelfAccessRequestforFileserver"/>
</testsuite> <!-- com.medhas.sanity.TestMultipleSelfAccessRequestforFileserver -->
