<?xml version="1.0" encoding="UTF-8"?>
<!-- Generated by org.testng.reporters.JUnitReportReporter -->
<testsuite name="com.medhas.sanity.TestSelfReactivaterequestforOperatingsystem" tests="4" time="29.552" ignored="0" failures="0" timestamp="09 Sep 2020 16:37:06 GMT" skipped="0" hostname="DESKTOP-AKV4U58" errors="0">
  <testcase name="selectreactivaterequest" time="4.392" classname="com.medhas.sanity.TestSelfReactivaterequestforOperatingsystem"/>
  <testcase name="checkvalidUser" time="9.301" classname="com.medhas.sanity.TestSelfReactivaterequestforOperatingsystem"/>
  <testcase name="enterUserDetails" time="6.261" classname="com.medhas.sanity.TestSelfReactivaterequestforOperatingsystem"/>
  <testcase name="enterrequestInfo" time="9.598" classname="com.medhas.sanity.TestSelfReactivaterequestforOperatingsystem"/>
</testsuite> <!-- com.medhas.sanity.TestSelfReactivaterequestforOperatingsystem -->
