<?xml version="1.0" encoding="UTF-8"?>
<!-- Generated by org.testng.reporters.JUnitReportReporter -->
<testsuite name="com.qa.testcases.TestcreateInventoryforPendingApprovals" tests="2" time="30.761" ignored="0" failures="0" timestamp="31 Jul 2020 02:56:40 GMT" skipped="0" hostname="DESKTOP-AKV4U58" errors="0">
  <testcase name="approvalflowforinv" time="18.783" classname="com.qa.testcases.TestcreateInventoryforPendingApprovals"/>
  <testcase name="checkvalidUser" time="11.978" classname="com.qa.testcases.TestcreateInventoryforPendingApprovals"/>
</testsuite> <!-- com.qa.testcases.TestcreateInventoryforPendingApprovals -->
