<?xml version="1.0" encoding="UTF-8"?>
<!-- Generated by org.testng.reporters.JUnitReportReporter -->
<testsuite name="com.medhas.sanity.TestSelfDeactivaterequestforOperatingsystem" tests="4" time="30.231" ignored="0" failures="0" timestamp="09 Sep 2020 16:25:00 GMT" skipped="0" hostname="DESKTOP-AKV4U58" errors="0">
  <testcase name="selectdeactivaterequest" time="4.067" classname="com.medhas.sanity.TestSelfDeactivaterequestforOperatingsystem"/>
  <testcase name="checkvalidUser" time="10.210" classname="com.medhas.sanity.TestSelfDeactivaterequestforOperatingsystem"/>
  <testcase name="enterUserDetails" time="6.461" classname="com.medhas.sanity.TestSelfDeactivaterequestforOperatingsystem"/>
  <testcase name="enterrequestInfo" time="9.493" classname="com.medhas.sanity.TestSelfDeactivaterequestforOperatingsystem"/>
</testsuite> <!-- com.medhas.sanity.TestSelfDeactivaterequestforOperatingsystem -->
