<?xml version="1.0" encoding="UTF-8"?>
<!-- Generated by org.testng.reporters.JUnitReportReporter -->
<testsuite name="com.medhas.sanity.TestSelfModifyRequestforOperatingsystem" tests="5" time="42.607" ignored="0" failures="0" timestamp="09 Sep 2020 16:22:11 GMT" skipped="0" hostname="DESKTOP-AKV4U58" errors="0">
  <testcase name="enterrequestInfo" time="10.043" classname="com.medhas.sanity.TestSelfModifyRequestforOperatingsystem"/>
  <testcase name="checkvalidUser" time="10.506" classname="com.medhas.sanity.TestSelfModifyRequestforOperatingsystem"/>
  <testcase name="modifyRequestCreated" time="4.916" classname="com.medhas.sanity.TestSelfModifyRequestforOperatingsystem"/>
  <testcase name="selectthemodifyrequest" time="10.927" classname="com.medhas.sanity.TestSelfModifyRequestforOperatingsystem"/>
  <testcase name="enterUserDetails" time="6.215" classname="com.medhas.sanity.TestSelfModifyRequestforOperatingsystem"/>
</testsuite> <!-- com.medhas.sanity.TestSelfModifyRequestforOperatingsystem -->
