<?xml version="1.0" encoding="UTF-8"?>
<!-- Generated by org.testng.reporters.JUnitReportReporter -->
<testsuite name="com.medhas.sanity.TestCreateOnbehalfApplicationaccessrequestformultipleaccess" tests="5" time="95.552" ignored="0" failures="0" timestamp="09 Sep 2020 13:54:48 GMT" skipped="0" hostname="DESKTOP-AKV4U58" errors="0">
  <testcase name="EnterRequestInfo" time="13.690" classname="com.medhas.sanity.TestCreateOnbehalfApplicationaccessrequestformultipleaccess"/>
  <testcase name="checkvalidUser" time="10.785" classname="com.medhas.sanity.TestCreateOnbehalfApplicationaccessrequestformultipleaccess"/>
  <testcase name="EnterFirstApplicationDetails" time="27.318" classname="com.medhas.sanity.TestCreateOnbehalfApplicationaccessrequestformultipleaccess"/>
  <testcase name="EnterUserDetails" time="11.031" classname="com.medhas.sanity.TestCreateOnbehalfApplicationaccessrequestformultipleaccess"/>
  <testcase name="enterSecondApplicationDetails" time="32.728" classname="com.medhas.sanity.TestCreateOnbehalfApplicationaccessrequestformultipleaccess"/>
</testsuite> <!-- com.medhas.sanity.TestCreateOnbehalfApplicationaccessrequestformultipleaccess -->
