<?xml version="1.0" encoding="UTF-8"?>
<!-- Generated by org.testng.reporters.JUnitReportReporter -->
<testsuite name="com.qa.testcases.TestAccessRequestPendingApprovals" tests="9" time="141.358" ignored="0" failures="0" timestamp="20 Aug 2020 13:28:18 GMT" skipped="0" hostname="DESKTOP-AKV4U58" errors="0">
  <testcase name="approvalworkflowforaccessrequestsystemowner" time="23.978" classname="com.qa.testcases.TestAccessRequestPendingApprovals"/>
  <testcase name="checkvalidsystemadmin" time="11.281" classname="com.qa.testcases.TestAccessRequestPendingApprovals"/>
  <testcase name="approvalworkflowforaccessrequestwithHod" time="23.692" classname="com.qa.testcases.TestAccessRequestPendingApprovals"/>
  <testcase name="checkvalidsystemowner" time="11.535" classname="com.qa.testcases.TestAccessRequestPendingApprovals"/>
  <testcase name="approvalworkflowforaccessrequestsystemadmin" time="24.453" classname="com.qa.testcases.TestAccessRequestPendingApprovals"/>
  <testcase name="loginHod" time="12.629" classname="com.qa.testcases.TestAccessRequestPendingApprovals"/>
  <testcase name="logutfromsystemowner" time="26.224" classname="com.qa.testcases.TestAccessRequestPendingApprovals"/>
  <testcase name="logutfromHOD" time="6.527" classname="com.qa.testcases.TestAccessRequestPendingApprovals"/>
  <testcase name="accessRequestGranted" time="1.039" classname="com.qa.testcases.TestAccessRequestPendingApprovals"/>
</testsuite> <!-- com.qa.testcases.TestAccessRequestPendingApprovals -->
