<?xml version="1.0" encoding="UTF-8"?>
<!-- Generated by org.testng.reporters.JUnitReportReporter -->
<testsuite name="com.medhas.sanity.TestSelfReactivaterequestforFileserver" tests="4" time="32.891" ignored="0" failures="0" timestamp="09 Sep 2020 16:16:38 GMT" skipped="0" hostname="DESKTOP-AKV4U58" errors="0">
  <testcase name="selectdeactivaterequest" time="4.294" classname="com.medhas.sanity.TestSelfReactivaterequestforFileserver"/>
  <testcase name="checkvalidUser" time="11.701" classname="com.medhas.sanity.TestSelfReactivaterequestforFileserver"/>
  <testcase name="enterUserDetails" time="7.002" classname="com.medhas.sanity.TestSelfReactivaterequestforFileserver"/>
  <testcase name="enterrequestInfo" time="9.894" classname="com.medhas.sanity.TestSelfReactivaterequestforFileserver"/>
</testsuite> <!-- com.medhas.sanity.TestSelfReactivaterequestforFileserver -->
