<?xml version="1.0" encoding="UTF-8"?>
<!-- Generated by org.testng.reporters.JUnitReportReporter -->
<testsuite name="com.medhas.sanity.TestCreateOnbehalfActivedirectoryforsingleuser" tests="5" time="54.968" ignored="0" failures="0" timestamp="09 Sep 2020 15:03:33 GMT" skipped="0" hostname="DESKTOP-AKV4U58" errors="0">
  <testcase name="EnterRequestinfo" time="12.352" classname="com.medhas.sanity.TestCreateOnbehalfActivedirectoryforsingleuser"/>
  <testcase name="EnterUserdetails" time="7.554" classname="com.medhas.sanity.TestCreateOnbehalfActivedirectoryforsingleuser"/>
  <testcase name="EnterActivedirectorydetails" time="21.018" classname="com.medhas.sanity.TestCreateOnbehalfActivedirectoryforsingleuser"/>
  <testcase name="checkvalidUser" time="8.532" classname="com.medhas.sanity.TestCreateOnbehalfActivedirectoryforsingleuser"/>
  <testcase name="EnterRemarksandesign" time="5.512" classname="com.medhas.sanity.TestCreateOnbehalfActivedirectoryforsingleuser"/>
</testsuite> <!-- com.medhas.sanity.TestCreateOnbehalfActivedirectoryforsingleuser -->
