<?xml version="1.0" encoding="UTF-8"?>
<!-- Generated by org.testng.reporters.JUnitReportReporter -->
<testsuite name="com.qa.sanityCheck.TestDeactivateSelfApplicationaccessforsingleuser" tests="4" time="53.277" ignored="0" failures="0" timestamp="03 Sep 2020 08:52:19 GMT" skipped="0" hostname="DESKTOP-AKV4U58" errors="0">
  <testcase name="deactivateApplicationdetails" time="12.637" classname="com.qa.sanityCheck.TestDeactivateSelfApplicationaccessforsingleuser"/>
  <testcase name="checkvalidUser" time="14.037" classname="com.qa.sanityCheck.TestDeactivateSelfApplicationaccessforsingleuser"/>
  <testcase name="enterUserDetails" time="12.839" classname="com.qa.sanityCheck.TestDeactivateSelfApplicationaccessforsingleuser"/>
  <testcase name="enterRequestInfo" time="13.764" classname="com.qa.sanityCheck.TestDeactivateSelfApplicationaccessforsingleuser"/>
</testsuite> <!-- com.qa.sanityCheck.TestDeactivateSelfApplicationaccessforsingleuser -->
