<?xml version="1.0" encoding="UTF-8"?>
<!-- Generated by org.testng.reporters.JUnitReportReporter -->
<testsuite name="com.qa.testcases2.TestApplicationaccessrequestformultipleusers" tests="5" time="108.216" ignored="0" failures="0" timestamp="25 Aug 2020 10:42:28 GMT" skipped="0" hostname="DESKTOP-AKV4U58" errors="0">
  <testcase name="checkvalidUser" time="14.023" classname="com.qa.testcases2.TestApplicationaccessrequestformultipleusers"/>
  <testcase name="enterReqeustInfo" time="28.034" classname="com.qa.testcases2.TestApplicationaccessrequestformultipleusers"/>
  <testcase name="enterSecondUserDetails" time="12.597" classname="com.qa.testcases2.TestApplicationaccessrequestformultipleusers"/>
  <testcase name="enterApplicationDetails" time="38.643" classname="com.qa.testcases2.TestApplicationaccessrequestformultipleusers"/>
  <testcase name="enterFirstUserDetails" time="14.919" classname="com.qa.testcases2.TestApplicationaccessrequestformultipleusers"/>
</testsuite> <!-- com.qa.testcases2.TestApplicationaccessrequestformultipleusers -->
