<?xml version="1.0" encoding="UTF-8"?>
<!-- Generated by org.testng.reporters.JUnitReportReporter -->
<testsuite name="com.qa.sanityCheck.TestOperatingSystemPendingApprovals" tests="8" time="158.465" ignored="0" failures="0" timestamp="26 Aug 2020 14:24:07 GMT" skipped="0" hostname="DESKTOP-AKV4U58" errors="0">
  <testcase name="logutfromLITHead" time="26.692" classname="com.qa.sanityCheck.TestOperatingSystemPendingApprovals"/>
  <testcase name="loginHod" time="14.252" classname="com.qa.sanityCheck.TestOperatingSystemPendingApprovals"/>
  <testcase name="approvalworkflowforaccessrequestLITHead" time="23.398" classname="com.qa.sanityCheck.TestOperatingSystemPendingApprovals"/>
  <testcase name="checkvalidLIT" time="11.370" classname="com.qa.sanityCheck.TestOperatingSystemPendingApprovals"/>
  <testcase name="approvalworkflowforaccessrequestLIT" time="19.192" classname="com.qa.sanityCheck.TestOperatingSystemPendingApprovals"/>
  <testcase name="approvalworkflowforaccessrequestwithHod" time="25.622" classname="com.qa.sanityCheck.TestOperatingSystemPendingApprovals"/>
  <testcase name="logutfromHOD" time="26.503" classname="com.qa.sanityCheck.TestOperatingSystemPendingApprovals"/>
  <testcase name="checkvalidLITHead" time="11.436" classname="com.qa.sanityCheck.TestOperatingSystemPendingApprovals"/>
</testsuite> <!-- com.qa.sanityCheck.TestOperatingSystemPendingApprovals -->
