<?xml version="1.0" encoding="UTF-8"?>
<!-- Generated by org.testng.reporters.JUnitReportReporter -->
<testsuite name="com.qa.sanityCheck.TestSelfSingleCreateAccessRequestforApplication" tests="4" time="78.942" ignored="0" failures="0" timestamp="20 Aug 2020 18:25:24 GMT" skipped="0" hostname="DESKTOP-AKV4U58" errors="0">
  <testcase name="enterrequestInfo" time="25.698" classname="com.qa.sanityCheck.TestSelfSingleCreateAccessRequestforApplication"/>
  <testcase name="checkvalidUser" time="11.527" classname="com.qa.sanityCheck.TestSelfSingleCreateAccessRequestforApplication"/>
  <testcase name="accessRequestCreated" time="4.570" classname="com.qa.sanityCheck.TestSelfSingleCreateAccessRequestforApplication"/>
  <testcase name="enterApplicationDetails" time="37.147" classname="com.qa.sanityCheck.TestSelfSingleCreateAccessRequestforApplication"/>
</testsuite> <!-- com.qa.sanityCheck.TestSelfSingleCreateAccessRequestforApplication -->
