<?xml version="1.0" encoding="UTF-8"?>
<!-- Generated by org.testng.reporters.JUnitReportReporter -->
<testsuite name="com.qa.testcases.TestinventoryforNetwork" tests="4" time="0.014" ignored="72" failures="0" timestamp="18 Aug 2020 11:07:28 GMT" skipped="4" hostname="DESKTOP-AKV4U58" errors="0">
  <testcase name="enterbasicdetailsnetwork" time="0.001" classname="com.qa.testcases.TestinventoryforNetwork">
    <skipped/>
  </testcase> <!-- enterbasicdetailsnetwork -->
  <testcase name="enterwarrantydetailsnetwork" time="0.013" classname="com.qa.testcases.TestinventoryforNetwork">
    <skipped/>
  </testcase> <!-- enterwarrantydetailsnetwork -->
  <testcase name="inventoryRequestCreated" time="0.000" classname="com.qa.testcases.TestinventoryforNetwork">
    <skipped/>
  </testcase> <!-- inventoryRequestCreated -->
  <testcase name="checkvalidUser" time="0.000" classname="com.qa.testcases.TestinventoryforNetwork">
    <skipped/>
  </testcase> <!-- checkvalidUser -->
  <testcase name="setUpSuite" classname="com.qa.pages2.BaseClass">
    <skipped/>
  </testcase> <!-- setUpSuite -->
  <testcase name="setUpSuite" classname="com.qa.pages2.BaseClass">
    <skipped/>
  </testcase> <!-- setUpSuite -->
  <testcase name="setUpSuite" classname="com.qa.pages2.BaseClass">
    <skipped/>
  </testcase> <!-- setUpSuite -->
  <testcase name="setUpSuite" classname="com.qa.pages2.BaseClass">
    <skipped/>
  </testcase> <!-- setUpSuite -->
  <testcase name="setUpSuite" classname="com.qa.pages2.BaseClass">
    <skipped/>
  </testcase> <!-- setUpSuite -->
  <testcase name="setUpSuite" classname="com.qa.pages.BaseClass">
    <skipped/>
  </testcase> <!-- setUpSuite -->
  <testcase name="setUpSuite" classname="com.qa.pages.BaseClass">
    <skipped/>
  </testcase> <!-- setUpSuite -->
  <testcase name="setUpSuite" classname="com.qa.pages.BaseClass">
    <skipped/>
  </testcase> <!-- setUpSuite -->
  <testcase name="setUpSuite" classname="com.qa.pages.BaseClass">
    <skipped/>
  </testcase> <!-- setUpSuite -->
  <testcase name="setUpSuite" classname="com.qa.pages.BaseClass">
    <skipped/>
  </testcase> <!-- setUpSuite -->
  <testcase name="setUpSuite" classname="com.qa.pages.BaseClass">
    <skipped/>
  </testcase> <!-- setUpSuite -->
  <testcase name="setUpSuite" classname="com.qa.pages.BaseClass">
    <skipped/>
  </testcase> <!-- setUpSuite -->
  <testcase name="setUpSuite" classname="com.qa.pages.BaseClass">
    <skipped/>
  </testcase> <!-- setUpSuite -->
  <testcase name="setUpSuite" classname="com.qa.pages.BaseClass">
    <skipped/>
  </testcase> <!-- setUpSuite -->
  <testcase name="setUpSuite" classname="com.qa.pages.BaseClass">
    <skipped/>
  </testcase> <!-- setUpSuite -->
  <testcase name="setUpSuite" classname="com.qa.pages.BaseClass">
    <skipped/>
  </testcase> <!-- setUpSuite -->
  <testcase name="setUpSuite" classname="com.qa.pages.BaseClass">
    <skipped/>
  </testcase> <!-- setUpSuite -->
  <testcase name="setUpSuite" classname="com.qa.pages.BaseClass">
    <skipped/>
  </testcase> <!-- setUpSuite -->
  <testcase name="setUpSuite" classname="com.qa.pages.BaseClass">
    <skipped/>
  </testcase> <!-- setUpSuite -->
  <testcase name="setUpSuite" classname="com.qa.pages.BaseClass">
    <skipped/>
  </testcase> <!-- setUpSuite -->
  <testcase name="setUpSuite" classname="com.qa.pages.BaseClass">
    <skipped/>
  </testcase> <!-- setUpSuite -->
  <testcase name="setUpSuite" classname="com.qa.pages.BaseClass">
    <skipped/>
  </testcase> <!-- setUpSuite -->
  <testcase name="setUpSuite" classname="com.qa.pages.BaseClass">
    <skipped/>
  </testcase> <!-- setUpSuite -->
  <testcase name="setUpSuite" classname="com.qa.pages.BaseClass">
    <skipped/>
  </testcase> <!-- setUpSuite -->
  <testcase name="setUpSuite" classname="com.qa.pages.BaseClass">
    <skipped/>
  </testcase> <!-- setUpSuite -->
  <testcase name="setUpSuite" classname="com.qa.pages.BaseClass">
    <skipped/>
  </testcase> <!-- setUpSuite -->
  <testcase name="setUpSuite" classname="com.qa.pages.BaseClass">
    <skipped/>
  </testcase> <!-- setUpSuite -->
  <testcase name="setUpSuite" classname="com.qa.pages.BaseClass">
    <skipped/>
  </testcase> <!-- setUpSuite -->
  <testcase name="setUpSuite" classname="com.qa.pages.BaseClass">
    <skipped/>
  </testcase> <!-- setUpSuite -->
  <testcase name="setUpSuite" classname="com.qa.pages.BaseClass">
    <skipped/>
  </testcase> <!-- setUpSuite -->
  <testcase name="setUpSuite" classname="com.qa.pages.BaseClass">
    <skipped/>
  </testcase> <!-- setUpSuite -->
  <testcase name="setUpSuite" classname="com.qa.pages.BaseClass">
    <skipped/>
  </testcase> <!-- setUpSuite -->
  <testcase name="setUpSuite" classname="com.qa.pages.BaseClass">
    <skipped/>
  </testcase> <!-- setUpSuite -->
  <testcase name="setUpSuite" classname="com.qa.pages.BaseClass">
    <skipped/>
  </testcase> <!-- setUpSuite -->
  <testcase name="setUpSuite" classname="com.qa.pages.BaseClass">
    <skipped/>
  </testcase> <!-- setUpSuite -->
  <testcase name="setUpSuite" classname="com.qa.pages.BaseClass">
    <skipped/>
  </testcase> <!-- setUpSuite -->
  <testcase name="setUpSuite" classname="com.qa.pages.BaseClass">
    <skipped/>
  </testcase> <!-- setUpSuite -->
  <testcase name="setUpSuite" classname="com.qa.pages.BaseClass">
    <skipped/>
  </testcase> <!-- setUpSuite -->
  <testcase name="setUpSuite" classname="com.qa.pages.BaseClass">
    <skipped/>
  </testcase> <!-- setUpSuite -->
  <testcase name="setUpSuite" classname="com.qa.pages.BaseClass">
    <skipped/>
  </testcase> <!-- setUpSuite -->
  <testcase name="setUpSuite" classname="com.qa.pages.BaseClass">
    <skipped/>
  </testcase> <!-- setUpSuite -->
  <testcase name="setUpSuite" classname="com.qa.pages.BaseClass">
    <skipped/>
  </testcase> <!-- setUpSuite -->
  <testcase name="setUpSuite" classname="com.qa.pages.BaseClass">
    <skipped/>
  </testcase> <!-- setUpSuite -->
  <testcase name="setUpSuite" classname="com.qa.pages.BaseClass">
    <skipped/>
  </testcase> <!-- setUpSuite -->
  <testcase name="setUpSuite" classname="com.qa.pages.BaseClass">
    <skipped/>
  </testcase> <!-- setUpSuite -->
  <testcase name="setUpSuite" classname="com.qa.pages.BaseClass">
    <skipped/>
  </testcase> <!-- setUpSuite -->
  <testcase name="setUpSuite" classname="com.qa.pages.BaseClass">
    <skipped/>
  </testcase> <!-- setUpSuite -->
  <testcase name="setUpSuite" classname="com.qa.pages.BaseClass">
    <skipped/>
  </testcase> <!-- setUpSuite -->
  <testcase name="setUpSuite" classname="com.qa.pages.BaseClass">
    <skipped/>
  </testcase> <!-- setUpSuite -->
  <testcase name="setUpSuite" classname="com.qa.pages.BaseClass">
    <skipped/>
  </testcase> <!-- setUpSuite -->
  <testcase name="setUpSuite" classname="com.qa.pages.BaseClass">
    <skipped/>
  </testcase> <!-- setUpSuite -->
  <testcase name="setUpSuite" classname="com.qa.pages.BaseClass">
    <skipped/>
  </testcase> <!-- setUpSuite -->
  <testcase name="setUpSuite" classname="com.qa.pages.BaseClass">
    <skipped/>
  </testcase> <!-- setUpSuite -->
  <testcase name="setUpSuite" classname="com.qa.pages.BaseClass">
    <skipped/>
  </testcase> <!-- setUpSuite -->
  <testcase name="setUpSuite" classname="com.qa.pages.BaseClass">
    <skipped/>
  </testcase> <!-- setUpSuite -->
  <testcase name="setUpSuite" classname="com.qa.pages.BaseClass">
    <skipped/>
  </testcase> <!-- setUpSuite -->
  <testcase name="setUpSuite" classname="com.qa.pages.BaseClass">
    <skipped/>
  </testcase> <!-- setUpSuite -->
  <testcase name="setUpSuite" classname="com.qa.pages.BaseClass">
    <skipped/>
  </testcase> <!-- setUpSuite -->
  <testcase name="setUpSuite" classname="com.qa.pages.BaseClass">
    <skipped/>
  </testcase> <!-- setUpSuite -->
  <testcase name="setUpSuite" classname="com.qa.pages.BaseClass">
    <skipped/>
  </testcase> <!-- setUpSuite -->
  <testcase name="setUpSuite" classname="com.qa.pages.BaseClass">
    <skipped/>
  </testcase> <!-- setUpSuite -->
  <testcase name="setUpSuite" classname="com.qa.pages.BaseClass">
    <skipped/>
  </testcase> <!-- setUpSuite -->
  <testcase name="setUpSuite" classname="com.qa.pages.BaseClass">
    <skipped/>
  </testcase> <!-- setUpSuite -->
  <testcase name="setUpSuite" classname="com.qa.pages.BaseClass">
    <skipped/>
  </testcase> <!-- setUpSuite -->
  <testcase name="setUpSuite" classname="com.qa.pages.BaseClass">
    <skipped/>
  </testcase> <!-- setUpSuite -->
  <testcase name="setUpSuite" classname="com.qa.pages.BaseClass">
    <skipped/>
  </testcase> <!-- setUpSuite -->
  <testcase name="setUpSuite" classname="com.qa.pages.BaseClass">
    <skipped/>
  </testcase> <!-- setUpSuite -->
  <testcase name="setUpSuite" classname="com.qa.pages.BaseClass">
    <skipped/>
  </testcase> <!-- setUpSuite -->
  <testcase name="setUpSuite" classname="com.qa.pages.BaseClass">
    <skipped/>
  </testcase> <!-- setUpSuite -->
  <testcase name="setUpSuite" classname="com.qa.pages.BaseClass">
    <skipped/>
  </testcase> <!-- setUpSuite -->
  <testcase name="setUpSuite" classname="com.qa.pages.BaseClass">
    <skipped/>
  </testcase> <!-- setUpSuite -->
  <testcase name="setUpSuite" classname="com.qa.pages.BaseClass">
    <skipped/>
  </testcase> <!-- setUpSuite -->
</testsuite> <!-- com.qa.testcases.TestinventoryforNetwork -->
