<?xml version="1.0" encoding="UTF-8"?>
<!-- Generated by org.testng.reporters.JUnitReportReporter -->
<testsuite name="com.medhas.sanity.TestDeactivateSelfApplicationaccessforsingleuser" tests="4" time="45.644" ignored="0" failures="0" timestamp="09 Sep 2020 15:46:40 GMT" skipped="0" hostname="DESKTOP-AKV4U58" errors="0">
  <testcase name="enterRequestInfo" time="12.632" classname="com.medhas.sanity.TestDeactivateSelfApplicationaccessforsingleuser"/>
  <testcase name="checkvalidUser" time="8.856" classname="com.medhas.sanity.TestDeactivateSelfApplicationaccessforsingleuser"/>
  <testcase name="enterUserDetails" time="11.445" classname="com.medhas.sanity.TestDeactivateSelfApplicationaccessforsingleuser"/>
  <testcase name="deactivateApplicationdetails" time="12.711" classname="com.medhas.sanity.TestDeactivateSelfApplicationaccessforsingleuser"/>
</testsuite> <!-- com.medhas.sanity.TestDeactivateSelfApplicationaccessforsingleuser -->
