<?xml version="1.0" encoding="UTF-8"?>
<!-- Generated by org.testng.reporters.JUnitReportReporter -->
<testsuite name="com.qa.testcases.TestUserAccessReviewPendingApprovals" tests="2" time="29.071" ignored="0" failures="0" timestamp="20 Aug 2020 15:09:35 GMT" skipped="0" hostname="DESKTOP-AKV4U58" errors="0">
  <testcase name="useraccessreviewapproval" time="16.359" classname="com.qa.testcases.TestUserAccessReviewPendingApprovals"/>
  <testcase name="loginwithSystemOwner" time="12.712" classname="com.qa.testcases.TestUserAccessReviewPendingApprovals"/>
</testsuite> <!-- com.qa.testcases.TestUserAccessReviewPendingApprovals -->
