<?xml version="1.0" encoding="UTF-8"?>
<!-- Generated by org.testng.reporters.JUnitReportReporter -->
<testsuite name="com.qa.testcases.TestFileserverRequestPendingApprovals" tests="8" time="112.335" ignored="0" failures="0" timestamp="21 Aug 2020 06:04:52 GMT" skipped="0" hostname="DESKTOP-AKV4U58" errors="0">
  <testcase name="loginHod" time="12.165" classname="com.qa.testcases.TestFileserverRequestPendingApprovals"/>
  <testcase name="logutfromLITHead" time="5.075" classname="com.qa.testcases.TestFileserverRequestPendingApprovals"/>
  <testcase name="approvalworkflowforaccessrequestLITHead" time="22.881" classname="com.qa.testcases.TestFileserverRequestPendingApprovals"/>
  <testcase name="checkvalidLITHead" time="11.300" classname="com.qa.testcases.TestFileserverRequestPendingApprovals"/>
  <testcase name="checkvalidLIT" time="12.261" classname="com.qa.testcases.TestFileserverRequestPendingApprovals"/>
  <testcase name="approvalworkflowforaccessrequestLIT" time="18.921" classname="com.qa.testcases.TestFileserverRequestPendingApprovals"/>
  <testcase name="logutfromHOD" time="5.757" classname="com.qa.testcases.TestFileserverRequestPendingApprovals"/>
  <testcase name="approvalworkflowforaccessrequestwithHod" time="23.975" classname="com.qa.testcases.TestFileserverRequestPendingApprovals"/>
</testsuite> <!-- com.qa.testcases.TestFileserverRequestPendingApprovals -->
