<?xml version="1.0" encoding="UTF-8"?>
<!-- Generated by org.testng.reporters.JUnitReportReporter -->
<testsuite name="com.qa.testcases2.TestCreateOnbehalfApplicationaccessrequestformultipleusers" tests="5" time="84.913" ignored="0" failures="0" timestamp="03 Sep 2020 14:22:17 GMT" skipped="0" hostname="DESKTOP-AKV4U58" errors="0">
  <testcase name="enterSecondUserDetails" time="11.517" classname="com.qa.testcases2.TestCreateOnbehalfApplicationaccessrequestformultipleusers"/>
  <testcase name="enterReqeustInfo" time="12.597" classname="com.qa.testcases2.TestCreateOnbehalfApplicationaccessrequestformultipleusers"/>
  <testcase name="enterApplicationDetails" time="36.782" classname="com.qa.testcases2.TestCreateOnbehalfApplicationaccessrequestformultipleusers"/>
  <testcase name="enterFirstUserDetails" time="12.500" classname="com.qa.testcases2.TestCreateOnbehalfApplicationaccessrequestformultipleusers"/>
  <testcase name="checkvalidUser" time="11.517" classname="com.qa.testcases2.TestCreateOnbehalfApplicationaccessrequestformultipleusers"/>
</testsuite> <!-- com.qa.testcases2.TestCreateOnbehalfApplicationaccessrequestformultipleusers -->
