<?xml version="1.0" encoding="UTF-8"?>
<!-- Generated by org.testng.reporters.JUnitReportReporter -->
<testsuite name="com.qa.sanityCheck.TestUserAccessReview" tests="2" time="32.999" ignored="0" failures="0" timestamp="03 Sep 2020 12:04:57 GMT" skipped="0" hostname="DESKTOP-AKV4U58" errors="0">
  <testcase name="loginwithSystemAdmin" time="11.550" classname="com.qa.sanityCheck.TestUserAccessReview"/>
  <testcase name="useraccessreview" time="21.449" classname="com.qa.sanityCheck.TestUserAccessReview"/>
</testsuite> <!-- com.qa.sanityCheck.TestUserAccessReview -->
