<?xml version="1.0" encoding="UTF-8"?>
<!-- Generated by org.testng.reporters.JUnitReportReporter -->
<testsuite name="com.medhas.sanity.TestCreateMultipleUsersOSAccess" tests="6" time="60.584" ignored="0" failures="0" timestamp="09 Sep 2020 14:39:15 GMT" skipped="0" hostname="DESKTOP-AKV4U58" errors="0">
  <testcase name="checkvalidUser" time="9.868" classname="com.medhas.sanity.TestCreateMultipleUsersOSAccess"/>
  <testcase name="accessRequestCreated" time="4.727" classname="com.medhas.sanity.TestCreateMultipleUsersOSAccess"/>
  <testcase name="entersecondenteruserDetails" time="10.594" classname="com.medhas.sanity.TestCreateMultipleUsersOSAccess"/>
  <testcase name="enterOperatingsystemdetails" time="14.651" classname="com.medhas.sanity.TestCreateMultipleUsersOSAccess"/>
  <testcase name="enterrequestInfo" time="10.065" classname="com.medhas.sanity.TestCreateMultipleUsersOSAccess"/>
  <testcase name="enteruserDetails" time="10.679" classname="com.medhas.sanity.TestCreateMultipleUsersOSAccess"/>
</testsuite> <!-- com.medhas.sanity.TestCreateMultipleUsersOSAccess -->
