<?xml version="1.0" encoding="UTF-8"?>
<!-- Generated by org.testng.reporters.JUnitReportReporter -->
<testsuite name="com.qa.sanityCheck.TestnotGrantAccessRequestPendingApprovals" tests="9" time="119.086" ignored="0" failures="0" timestamp="03 Sep 2020 06:27:38 GMT" skipped="0" hostname="DESKTOP-AKV4U58" errors="0">
  <testcase name="checkvalidsystemLITHead" time="11.047" classname="com.qa.sanityCheck.TestnotGrantAccessRequestPendingApprovals"/>
  <testcase name="loginHod" time="11.634" classname="com.qa.sanityCheck.TestnotGrantAccessRequestPendingApprovals"/>
  <testcase name="approvalworkflowforaccessrequestLITHead" time="24.557" classname="com.qa.sanityCheck.TestnotGrantAccessRequestPendingApprovals"/>
  <testcase name="checkvalidLIT" time="11.086" classname="com.qa.sanityCheck.TestnotGrantAccessRequestPendingApprovals"/>
  <testcase name="notGrantybyLIT" time="24.880" classname="com.qa.sanityCheck.TestnotGrantAccessRequestPendingApprovals"/>
  <testcase name="accessRequestNotGranted" time="0.935" classname="com.qa.sanityCheck.TestnotGrantAccessRequestPendingApprovals"/>
  <testcase name="approvalworkflowforaccessrequestwithHod" time="24.877" classname="com.qa.sanityCheck.TestnotGrantAccessRequestPendingApprovals"/>
  <testcase name="logutfromHOD" time="5.168" classname="com.qa.sanityCheck.TestnotGrantAccessRequestPendingApprovals"/>
  <testcase name="logutfromLITHead" time="4.902" classname="com.qa.sanityCheck.TestnotGrantAccessRequestPendingApprovals"/>
</testsuite> <!-- com.qa.sanityCheck.TestnotGrantAccessRequestPendingApprovals -->
