<?xml version="1.0" encoding="UTF-8"?>
<!-- Generated by org.testng.reporters.JUnitReportReporter -->
<testsuite name="com.qa.sanityCheck.TestSaveasDraftSelfSingleCreateAccessRequestforApplication$TestSelfSingleCreateAccessRequestforApplication" tests="6" time="90.417" ignored="0" failures="0" timestamp="31 Aug 2020 10:38:42 GMT" skipped="0" hostname="DESKTOP-AKV4U58" errors="0">
  <testcase name="submitteddraftRequest" time="4.649" classname="com.qa.sanityCheck.TestSaveasDraftSelfSingleCreateAccessRequestforApplication$TestSelfSingleCreateAccessRequestforApplication"/>
  <testcase name="enterrequestInfo" time="15.125" classname="com.qa.sanityCheck.TestSaveasDraftSelfSingleCreateAccessRequestforApplication$TestSelfSingleCreateAccessRequestforApplication"/>
  <testcase name="draftRequestCreated" time="4.509" classname="com.qa.sanityCheck.TestSaveasDraftSelfSingleCreateAccessRequestforApplication$TestSelfSingleCreateAccessRequestforApplication"/>
  <testcase name="checkvalidUser" time="13.695" classname="com.qa.sanityCheck.TestSaveasDraftSelfSingleCreateAccessRequestforApplication$TestSelfSingleCreateAccessRequestforApplication"/>
  <testcase name="enterApplicationDetails" time="39.177" classname="com.qa.sanityCheck.TestSaveasDraftSelfSingleCreateAccessRequestforApplication$TestSelfSingleCreateAccessRequestforApplication"/>
  <testcase name="submitDraftRequest" time="13.262" classname="com.qa.sanityCheck.TestSaveasDraftSelfSingleCreateAccessRequestforApplication$TestSelfSingleCreateAccessRequestforApplication"/>
</testsuite> <!-- com.qa.sanityCheck.TestSaveasDraftSelfSingleCreateAccessRequestforApplication$TestSelfSingleCreateAccessRequestforApplication -->
