<?xml version="1.0" encoding="UTF-8"?>
<!-- Generated by org.testng.reporters.JUnitReportReporter -->
<testsuite name="com.qa.sanityCheck.TestSelfCreateAccessRequestforFileserver" tests="5" time="56.548" ignored="0" failures="0" timestamp="26 Aug 2020 16:23:49 GMT" skipped="0" hostname="DESKTOP-AKV4U58" errors="0">
  <testcase name="enteruserDetails" time="5.999" classname="com.qa.sanityCheck.TestSelfCreateAccessRequestforFileserver"/>
  <testcase name="enterrequestInfo" time="20.402" classname="com.qa.sanityCheck.TestSelfCreateAccessRequestforFileserver"/>
  <testcase name="enterfileserverDetails" time="11.014" classname="com.qa.sanityCheck.TestSelfCreateAccessRequestforFileserver"/>
  <testcase name="accessRequestCreated" time="5.213" classname="com.qa.sanityCheck.TestSelfCreateAccessRequestforFileserver"/>
  <testcase name="checkvalidUser" time="13.920" classname="com.qa.sanityCheck.TestSelfCreateAccessRequestforFileserver"/>
</testsuite> <!-- com.qa.sanityCheck.TestSelfCreateAccessRequestforFileserver -->
