<?xml version="1.0" encoding="UTF-8"?>
<!-- Generated by org.testng.reporters.JUnitReportReporter -->
<testsuite name="com.qa.testcases.TestInventoryforPendingApprovals" tests="2" time="28.537" ignored="0" failures="0" timestamp="20 Aug 2020 11:45:31 GMT" skipped="0" hostname="DESKTOP-AKV4U58" errors="0">
  <testcase name="loginwithQALead" time="11.829" classname="com.qa.testcases.TestInventoryforPendingApprovals"/>
  <testcase name="approvalflowforinvQALead" time="16.708" classname="com.qa.testcases.TestInventoryforPendingApprovals"/>
</testsuite> <!-- com.qa.testcases.TestInventoryforPendingApprovals -->
