<?xml version="1.0" encoding="UTF-8"?>
<!-- Generated by org.testng.reporters.JUnitReportReporter -->
<testsuite name="com.qa.sanityCheck.TestRejectAccessRequestPendingApprovals" tests="3" time="38.406" ignored="0" failures="0" timestamp="03 Sep 2020 06:34:17 GMT" skipped="0" hostname="DESKTOP-AKV4U58" errors="0">
  <testcase name="accessRequestRejected" time="1.282" classname="com.qa.sanityCheck.TestRejectAccessRequestPendingApprovals"/>
  <testcase name="rejectAccessbyHOD" time="25.185" classname="com.qa.sanityCheck.TestRejectAccessRequestPendingApprovals"/>
  <testcase name="loginHod" time="11.939" classname="com.qa.sanityCheck.TestRejectAccessRequestPendingApprovals"/>
</testsuite> <!-- com.qa.sanityCheck.TestRejectAccessRequestPendingApprovals -->
