<?xml version="1.0" encoding="UTF-8"?>
<!-- Generated by org.testng.reporters.JUnitReportReporter -->
<testsuite name="com.qa.testcases2.TestVirtualserverInventorypage" tests="2" time="61.365" ignored="0" failures="0" timestamp="07 Sep 2020 08:14:10 GMT" skipped="0" hostname="DESKTOP-AKV4U58" errors="0">
  <testcase name="checkvalidUser" time="13.483" classname="com.qa.testcases2.TestVirtualserverInventorypage"/>
  <testcase name="VirtualserverInventorycreation" time="47.882" classname="com.qa.testcases2.TestVirtualserverInventorypage"/>
</testsuite> <!-- com.qa.testcases2.TestVirtualserverInventorypage -->
