<?xml version="1.0" encoding="UTF-8"?>
<!-- Generated by org.testng.reporters.JUnitReportReporter -->
<testsuite name="com.medhas.sanity.TestRejectAccessRequestPendingApprovals" tests="3" time="36.452" ignored="0" failures="0" timestamp="09 Sep 2020 14:11:18 GMT" skipped="0" hostname="DESKTOP-AKV4U58" errors="0">
  <testcase name="accessRequestRejected" time="1.463" classname="com.medhas.sanity.TestRejectAccessRequestPendingApprovals"/>
  <testcase name="rejectAccessbyHOD" time="24.831" classname="com.medhas.sanity.TestRejectAccessRequestPendingApprovals"/>
  <testcase name="loginHod" time="10.158" classname="com.medhas.sanity.TestRejectAccessRequestPendingApprovals"/>
</testsuite> <!-- com.medhas.sanity.TestRejectAccessRequestPendingApprovals -->
