<?xml version="1.0" encoding="UTF-8"?>
<!-- Generated by org.testng.reporters.JUnitReportReporter -->
<testsuite name="com.qa.sanityCheck.TestCreateOnbehalfActivedirectoryformultipleusers" tests="5" time="67.456" ignored="0" failures="0" timestamp="03 Sep 2020 12:59:41 GMT" skipped="0" hostname="DESKTOP-AKV4U58" errors="0">
  <testcase name="checkvalidUser" time="11.861" classname="com.qa.sanityCheck.TestCreateOnbehalfActivedirectoryformultipleusers"/>
  <testcase name="EnterActivedirectorydetails" time="23.218" classname="com.qa.sanityCheck.TestCreateOnbehalfActivedirectoryformultipleusers"/>
  <testcase name="EnterFirstUserdetails" time="6.273" classname="com.qa.sanityCheck.TestCreateOnbehalfActivedirectoryformultipleusers"/>
  <testcase name="EnterRequestinfo" time="15.203" classname="com.qa.sanityCheck.TestCreateOnbehalfActivedirectoryformultipleusers"/>
  <testcase name="EnterSecondUserdetails" time="10.901" classname="com.qa.sanityCheck.TestCreateOnbehalfActivedirectoryformultipleusers"/>
</testsuite> <!-- com.qa.sanityCheck.TestCreateOnbehalfActivedirectoryformultipleusers -->
