<?xml version="1.0" encoding="UTF-8"?>
<!-- Generated by org.testng.reporters.JUnitReportReporter -->
<testsuite name="com.medhas.sanity.TestCreateMultipleAccessOperatingsystemforonbehalfsingleuser" tests="6" time="72.792" ignored="0" failures="0" timestamp="09 Sep 2020 14:42:55 GMT" skipped="0" hostname="DESKTOP-AKV4U58" errors="0">
  <testcase name="checkvalidUser" time="10.209" classname="com.medhas.sanity.TestCreateMultipleAccessOperatingsystemforonbehalfsingleuser"/>
  <testcase name="enterrequestInfo" time="9.848" classname="com.medhas.sanity.TestCreateMultipleAccessOperatingsystemforonbehalfsingleuser"/>
  <testcase name="enteruserDetails" time="11.370" classname="com.medhas.sanity.TestCreateMultipleAccessOperatingsystemforonbehalfsingleuser"/>
  <testcase name="enterOperatingsystemdetails" time="13.152" classname="com.medhas.sanity.TestCreateMultipleAccessOperatingsystemforonbehalfsingleuser"/>
  <testcase name="accessRequestCreated" time="4.594" classname="com.medhas.sanity.TestCreateMultipleAccessOperatingsystemforonbehalfsingleuser"/>
  <testcase name="enternewOperatingsystemdetails" time="23.619" classname="com.medhas.sanity.TestCreateMultipleAccessOperatingsystemforonbehalfsingleuser"/>
</testsuite> <!-- com.medhas.sanity.TestCreateMultipleAccessOperatingsystemforonbehalfsingleuser -->
