<?xml version="1.0" encoding="UTF-8"?>
<!-- Generated by org.testng.reporters.JUnitReportReporter -->
<testsuite name="com.qa.sanityCheck.TestAccessRequestPendingApprovals" tests="8" time="113.200" ignored="0" failures="0" timestamp="03 Sep 2020 06:38:08 GMT" skipped="0" hostname="DESKTOP-AKV4U58" errors="0">
  <testcase name="checkvalidLITHead" time="11.134" classname="com.qa.sanityCheck.TestAccessRequestPendingApprovals"/>
  <testcase name="logutfromLITHead" time="5.016" classname="com.qa.sanityCheck.TestAccessRequestPendingApprovals"/>
  <testcase name="approvalworkflowforaccessrequestLIT" time="20.222" classname="com.qa.sanityCheck.TestAccessRequestPendingApprovals"/>
  <testcase name="loginHod" time="11.359" classname="com.qa.sanityCheck.TestAccessRequestPendingApprovals"/>
  <testcase name="approvalworkflowforaccessrequestLITHead" time="24.744" classname="com.qa.sanityCheck.TestAccessRequestPendingApprovals"/>
  <testcase name="approvalworkflowforaccessrequestwithHod" time="24.603" classname="com.qa.sanityCheck.TestAccessRequestPendingApprovals"/>
  <testcase name="logutfromHOD" time="5.067" classname="com.qa.sanityCheck.TestAccessRequestPendingApprovals"/>
  <testcase name="checkvalidLIT" time="11.055" classname="com.qa.sanityCheck.TestAccessRequestPendingApprovals"/>
</testsuite> <!-- com.qa.sanityCheck.TestAccessRequestPendingApprovals -->
