<?xml version="1.0" encoding="UTF-8"?>
<!-- Generated by org.testng.reporters.JUnitReportReporter -->
<testsuite name="com.qa.testcases.TestSubmitReworkRequest" tests="2" time="27.687" ignored="0" failures="0" timestamp="31 Aug 2020 11:27:30 GMT" skipped="0" hostname="DESKTOP-AKV4U58" errors="0">
  <testcase name="checkvalidUser" time="11.987" classname="com.qa.testcases.TestSubmitReworkRequest"/>
  <testcase name="submitReworkRequest" time="15.700" classname="com.qa.testcases.TestSubmitReworkRequest"/>
</testsuite> <!-- com.qa.testcases.TestSubmitReworkRequest -->
