<?xml version="1.0" encoding="UTF-8"?>
<!-- Generated by org.testng.reporters.JUnitReportReporter -->
<testsuite name="com.qa.sanityCheck.TestCreateMultipleUsersOSAccess" tests="6" time="62.820" ignored="0" failures="0" timestamp="26 Aug 2020 15:30:15 GMT" skipped="0" hostname="DESKTOP-AKV4U58" errors="0">
  <testcase name="entersecondenteruserDetails" time="10.783" classname="com.qa.sanityCheck.TestCreateMultipleUsersOSAccess"/>
  <testcase name="enteruserDetails" time="10.294" classname="com.qa.sanityCheck.TestCreateMultipleUsersOSAccess"/>
  <testcase name="accessRequestCreated" time="5.298" classname="com.qa.sanityCheck.TestCreateMultipleUsersOSAccess"/>
  <testcase name="enterrequestInfo" time="10.073" classname="com.qa.sanityCheck.TestCreateMultipleUsersOSAccess"/>
  <testcase name="checkvalidUser" time="11.687" classname="com.qa.sanityCheck.TestCreateMultipleUsersOSAccess"/>
  <testcase name="enterOperatingsystemdetails" time="14.685" classname="com.qa.sanityCheck.TestCreateMultipleUsersOSAccess"/>
</testsuite> <!-- com.qa.sanityCheck.TestCreateMultipleUsersOSAccess -->
